# JRE version: Java(TM) SE Runtime Environment (18.0+36) (build 18+36-2087)
# Java VM: Java HotSpot(TM) 64-Bit Server VM (18+36-2087, mixed mode, sharing, tiered, compressed oops, compressed class ptrs, g1 gc, windows-amd64)
GC Precious Log:
 CardTable entry size: 512
 Card Set container configuration: InlinePtr #cards 4 size 8 Array Of Cards #cards 16 size 48 Howl #buckets 8 coarsen threshold 3686 Howl Bitmap #cards 512 size 80 coarsen threshold 460 Card regions per heap region 1 cards per card region 4096
 CPUs: 8 total, 8 available
 Memory: 16232M
 Large Page Support: Disabled
 NUMA Support: Disabled
 Compressed Oops: Enabled (Zero based)
 Heap Region Size: 2M
 Heap Min Capacity: 8M
 Heap Initial Capacity: 254M
 Heap Max Capacity: 4060M
 Pre-touch: Disabled
 Parallel Workers: 8
 Concurrent Workers: 2
 Concurrent Refinement Workers: 8
 Periodic GC: Disabled
Heap:
 garbage-first heap   total 90112K, used 70312K [0x0000000702400000, 0x0000000800000000)
  region size 2048K, 21 young (43008K), 2 survivors (4096K)
 Metaspace       used 74891K, committed 76096K, reserved 1179648K
  class space    used 8620K, committed 9152K, reserved 1048576K
GC Heap History (20 events):
Event: 4571.173 GC heap after
{Heap after GC invocations=114 (full 34):
 garbage-first heap   total 90112K, used 29140K [0x0000000702400000, 0x0000000800000000)
  region size 2048K, 1 young (2048K), 1 survivors (2048K)
 Metaspace       used 73759K, committed 74880K, reserved 1179648K
  class space    used 8546K, committed 9024K, reserved 1048576K
}
Event: 4763.054 GC heap before
{Heap before GC invocations=114 (full 34):
 garbage-first heap   total 90112K, used 68052K [0x0000000702400000, 0x0000000800000000)
  region size 2048K, 20 young (40960K), 1 survivors (2048K)
 Metaspace       used 73759K, committed 74880K, reserved 1179648K
  class space    used 8546K, committed 9024K, reserved 1048576K
}
Event: 4763.056 GC heap after
{Heap after GC invocations=115 (full 34):
 garbage-first heap   total 90112K, used 29102K [0x0000000702400000, 0x0000000800000000)
  region size 2048K, 1 young (2048K), 1 survivors (2048K)
 Metaspace       used 73759K, committed 74880K, reserved 1179648K
  class space    used 8546K, committed 9024K, reserved 1048576K
}
Event: 4965.495 GC heap before
{Heap before GC invocations=115 (full 34):
 garbage-first heap   total 90112K, used 70062K [0x0000000702400000, 0x0000000800000000)
  region size 2048K, 21 young (43008K), 1 survivors (2048K)
 Metaspace       used 73759K, committed 74880K, reserved 1179648K
  class space    used 8546K, committed 9024K, reserved 1048576K
}
Event: 4965.497 GC heap after
{Heap after GC invocations=116 (full 34):
 garbage-first heap   total 90112K, used 29113K [0x0000000702400000, 0x0000000800000000)
  region size 2048K, 1 young (2048K), 1 survivors (2048K)
 Metaspace       used 73759K, committed 74880K, reserved 1179648K
  class space    used 8546K, committed 9024K, reserved 1048576K
}
Event: 5008.326 GC heap before
{Heap before GC invocations=116 (full 34):
 garbage-first heap   total 90112K, used 68025K [0x0000000702400000, 0x0000000800000000)
  region size 2048K, 21 young (43008K), 1 survivors (2048K)
 Metaspace       used 73820K, committed 74944K, reserved 1179648K
  class space    used 8553K, committed 9024K, reserved 1048576K
}
Event: 5008.329 GC heap after
{Heap after GC invocations=117 (full 34):
 garbage-first heap   total 90112K, used 31649K [0x0000000702400000, 0x0000000800000000)
  region size 2048K, 2 young (4096K), 2 survivors (4096K)
 Metaspace       used 73820K, committed 74944K, reserved 1179648K
  class space    used 8553K, committed 9024K, reserved 1048576K
}
Event: 5020.237 GC heap before
{Heap before GC invocations=117 (full 34):
 garbage-first heap   total 90112K, used 68513K [0x0000000702400000, 0x0000000800000000)
  region size 2048K, 20 young (40960K), 2 survivors (4096K)
 Metaspace       used 74034K, committed 75200K, reserved 1179648K
  class space    used 8568K, committed 9088K, reserved 1048576K
}
Event: 5020.240 GC heap after
{Heap after GC invocations=118 (full 34):
 garbage-first heap   total 90112K, used 31191K [0x0000000702400000, 0x0000000800000000)
  region size 2048K, 2 young (4096K), 2 survivors (4096K)
 Metaspace       used 74034K, committed 75200K, reserved 1179648K
  class space    used 8568K, committed 9088K, reserved 1048576K
}
Event: 5043.366 GC heap before
{Heap before GC invocations=118 (full 34):
 garbage-first heap   total 90112K, used 68055K [0x0000000702400000, 0x0000000800000000)
  region size 2048K, 20 young (40960K), 2 survivors (4096K)
 Metaspace       used 74217K, committed 75392K, reserved 1179648K
  class space    used 8578K, committed 9088K, reserved 1048576K
}
Event: 5043.368 GC heap after
{Heap after GC invocations=119 (full 34):
 garbage-first heap   total 90112K, used 30602K [0x0000000702400000, 0x0000000800000000)
  region size 2048K, 1 young (2048K), 1 survivors (2048K)
 Metaspace       used 74217K, committed 75392K, reserved 1179648K
  class space    used 8578K, committed 9088K, reserved 1048576K
}
Event: 5043.602 GC heap before
{Heap before GC invocations=119 (full 34):
 garbage-first heap   total 90112K, used 69514K [0x0000000702400000, 0x0000000800000000)
  region size 2048K, 20 young (40960K), 1 survivors (2048K)
 Metaspace       used 74516K, committed 75648K, reserved 1179648K
  class space    used 8594K, committed 9088K, reserved 1048576K
}
Event: 5043.605 GC heap after
{Heap after GC invocations=120 (full 34):
 garbage-first heap   total 90112K, used 33132K [0x0000000702400000, 0x0000000800000000)
  region size 2048K, 3 young (6144K), 3 survivors (6144K)
 Metaspace       used 74516K, committed 75648K, reserved 1179648K
  class space    used 8594K, committed 9088K, reserved 1048576K
}
Event: 5090.117 GC heap before
{Heap before GC invocations=120 (full 34):
 garbage-first heap   total 90112K, used 67948K [0x0000000702400000, 0x0000000800000000)
  region size 2048K, 20 young (40960K), 3 survivors (6144K)
 Metaspace       used 74562K, committed 75712K, reserved 1179648K
  class space    used 8600K, committed 9088K, reserved 1048576K
}
Event: 5090.121 GC heap after
{Heap after GC invocations=121 (full 34):
 garbage-first heap   total 90112K, used 31572K [0x0000000702400000, 0x0000000800000000)
  region size 2048K, 1 young (2048K), 1 survivors (2048K)
 Metaspace       used 74562K, committed 75712K, reserved 1179648K
  class space    used 8600K, committed 9088K, reserved 1048576K
}
Event: 5131.549 GC heap before
{Heap before GC invocations=121 (full 34):
 garbage-first heap   total 90112K, used 68436K [0x0000000702400000, 0x0000000800000000)
  region size 2048K, 20 young (40960K), 1 survivors (2048K)
 Metaspace       used 74755K, committed 75968K, reserved 1179648K
  class space    used 8610K, committed 9152K, reserved 1048576K
}
Event: 5131.550 GC heap after
{Heap after GC invocations=122 (full 34):
 garbage-first heap   total 90112K, used 30046K [0x0000000702400000, 0x0000000800000000)
  region size 2048K, 1 young (2048K), 1 survivors (2048K)
 Metaspace       used 74755K, committed 75968K, reserved 1179648K
  class space    used 8610K, committed 9152K, reserved 1048576K
}
Event: 5199.180 GC heap before
{Heap before GC invocations=122 (full 34):
 garbage-first heap   total 90112K, used 68958K [0x0000000702400000, 0x0000000800000000)
  region size 2048K, 20 young (40960K), 1 survivors (2048K)
 Metaspace       used 74787K, committed 75968K, reserved 1179648K
  class space    used 8616K, committed 9152K, reserved 1048576K
}
Event: 5199.182 GC heap after
{Heap after GC invocations=123 (full 34):
 garbage-first heap   total 90112K, used 31400K [0x0000000702400000, 0x0000000800000000)
  region size 2048K, 1 young (2048K), 1 survivors (2048K)
 Metaspace       used 74787K, committed 75968K, reserved 1179648K
  class space    used 8616K, committed 9152K, reserved 1048576K
}
Event: 5277.341 GC heap before
{Heap before GC invocations=123 (full 34):
 garbage-first heap   total 90112K, used 70312K [0x0000000702400000, 0x0000000800000000)
  region size 2048K, 20 young (40960K), 1 survivors (2048K)
 Metaspace       used 74891K, committed 76096K, reserved 1179648K
  class space    used 8620K, committed 9152K, reserved 1048576K
}

